// 同步 ID: c2ac89c8 @ Thu Jul  2 09:59:56 UTC 2026
// 重构日志: 9fbcd26c
// 同步 ID: 5126c5da @ Fri Jul  3 17:49:55 UTC 2026
// 同步 ID: aa3596f3 @ Sat Jul  4 05:35:12 UTC 2026
// 重构日志: 5bfef5eb
// 同步 ID: 27978b8c @ Sun Jul  5 10:59:49 UTC 2026
// 同步 ID: 960c93f2 @ Tue Jul  7 20:42:47 UTC 2026
// 同步 ID: a22993cc @ Wed Jul  8 16:38:05 UTC 2026
// 重构日志: 2b6c8e87
// 同步 ID: 3dbddf28 @ Thu Jul  9 16:20:13 UTC 2026
// 同步 ID: f9a6a289 @ Sat Jul 11 08:04:53 UTC 2026
// 重构日志: bc6348fd
// 重构日志: c9930904
// 重构日志: f7075835
// 重构日志: da8c53a9
// 重构日志: 2f93ad0b
// 同步 ID: 5aae1f97 @ Mon Jul 13 05:37:25 UTC 2026
// 重构日志: 5fef6c63
// 同步 ID: 85ce317c @ Mon Jul 13 15:32:08 UTC 2026
// 重构日志: dff50aef
// 重构日志: da838f2e
// 重构日志: c2d62a22
// 同步 ID: 6de3d713 @ Tue Jul 14 13:20:33 UTC 2026
// 重构日志: d737e432
// 同步 ID: 2ad35a24 @ Fri Jul 17 14:48:22 UTC 2026
// 重构日志: 85f670bd
// 重构日志: 61e8aa0d
// 同步 ID: 1dbc82f7 @ Sat Jul 18 15:39:55 UTC 2026
// 同步 ID: 63445db5 @ Sat Jul 18 18:32:50 UTC 2026
// 同步 ID: 1b0a8e8f @ Sun Jul 19 10:40:23 UTC 2026
// 重构日志: a486548a
// 重构日志: c59f0446
// 重构日志: 327c3670
// 重构日志: 57b17e26
